<?xml version="1.0" encoding="UTF-8"?>
<testng-results ignored="0" total="5" passed="5" failed="0" skipped="0">
  <reporter-output>
  </reporter-output>
  <suite started-at="2025-05-06T20:18:56 IST" name="Test Suite" finished-at="2025-05-06T20:19:44 IST" duration-ms="48004">
    <groups>
    </groups>
    <test started-at="2025-05-06T20:18:56 IST" name="SauceDemo Tests" finished-at="2025-05-06T20:19:07 IST" duration-ms="11145">
      <class name="com.orangehrm.tests.OrderTest">
        <test-method is-config="true" signature="setUp()[pri:0, instance:com.orangehrm.tests.OrderTest@1caa0244]" started-at="2025-05-06T20:19:03 IST" name="setUp" finished-at="2025-05-06T20:19:04 IST" duration-ms="1241" status="PASS">
          <reporter-output>
          </reporter-output>
        </test-method> <!-- setUp -->
        <test-method signature="testAddMultipleItemsToCart()[pri:0, instance:com.orangehrm.tests.OrderTest@1caa0244]" started-at="2025-05-06T20:19:04 IST" name="testAddMultipleItemsToCart" description="Verify user can add multiple items to cart" finished-at="2025-05-06T20:19:07 IST" duration-ms="2636" status="PASS">
          <reporter-output>
          </reporter-output>
        </test-method> <!-- testAddMultipleItemsToCart -->
        <test-method is-config="true" signature="tearDown()[pri:0, instance:com.orangehrm.tests.OrderTest@1caa0244]" started-at="2025-05-06T20:19:07 IST" name="tearDown" finished-at="2025-05-06T20:19:07 IST" duration-ms="241" status="PASS">
          <reporter-output>
          </reporter-output>
        </test-method> <!-- tearDown -->
      </class> <!-- com.orangehrm.tests.OrderTest -->
      <class name="com.orangehrm.tests.LoginTest">
        <test-method is-config="true" signature="setUp()[pri:0, instance:com.orangehrm.tests.LoginTest@350aac89]" started-at="2025-05-06T20:18:56 IST" name="setUp" finished-at="2025-05-06T20:18:58 IST" duration-ms="2078" status="PASS">
          <reporter-output>
          </reporter-output>
        </test-method> <!-- setUp -->
        <test-method signature="testLoginAndVerifyHomepage()[pri:0, instance:com.orangehrm.tests.LoginTest@350aac89]" started-at="2025-05-06T20:18:58 IST" name="testLoginAndVerifyHomepage" description="Verify user can login with valid credentials" finished-at="2025-05-06T20:18:59 IST" duration-ms="1711" status="PASS">
          <reporter-output>
          </reporter-output>
        </test-method> <!-- testLoginAndVerifyHomepage -->
        <test-method is-config="true" signature="tearDown()[pri:0, instance:com.orangehrm.tests.LoginTest@350aac89]" started-at="2025-05-06T20:18:59 IST" name="tearDown" finished-at="2025-05-06T20:19:00 IST" duration-ms="324" status="PASS">
          <reporter-output>
          </reporter-output>
        </test-method> <!-- tearDown -->
        <test-method is-config="true" signature="setUp()[pri:0, instance:com.orangehrm.tests.LoginTest@350aac89]" started-at="2025-05-06T20:19:00 IST" name="setUp" finished-at="2025-05-06T20:19:01 IST" duration-ms="961" status="PASS">
          <reporter-output>
          </reporter-output>
        </test-method> <!-- setUp -->
        <test-method signature="testLoginWithInvalidCredentials()[pri:0, instance:com.orangehrm.tests.LoginTest@350aac89]" started-at="2025-05-06T20:19:01 IST" name="testLoginWithInvalidCredentials" description="Verify error message for invalid credentials" finished-at="2025-05-06T20:19:02 IST" duration-ms="1533" status="PASS">
          <reporter-output>
          </reporter-output>
        </test-method> <!-- testLoginWithInvalidCredentials -->
        <test-method is-config="true" signature="tearDown()[pri:0, instance:com.orangehrm.tests.LoginTest@350aac89]" started-at="2025-05-06T20:19:02 IST" name="tearDown" finished-at="2025-05-06T20:19:03 IST" duration-ms="375" status="PASS">
          <reporter-output>
          </reporter-output>
        </test-method> <!-- tearDown -->
      </class> <!-- com.orangehrm.tests.LoginTest -->
    </test> <!-- SauceDemo Tests -->
    <test started-at="2025-05-06T20:19:07 IST" name="OrangeHRM Tests" finished-at="2025-05-06T20:19:44 IST" duration-ms="36524">
      <class name="com.orangehrm.tests.OrangeHRMTest">
        <test-method is-config="true" signature="setUp()[pri:0, instance:com.orangehrm.tests.OrangeHRMTest@4a8355dd]" started-at="2025-05-06T20:19:07 IST" name="setUp" finished-at="2025-05-06T20:19:08 IST" duration-ms="1080" status="PASS">
          <reporter-output>
          </reporter-output>
        </test-method> <!-- setUp -->
        <test-method signature="testLoginToOrangeHRM()[pri:0, instance:com.orangehrm.tests.OrangeHRMTest@4a8355dd]" started-at="2025-05-06T20:19:08 IST" name="testLoginToOrangeHRM" description="Verify user can login to OrangeHRM" finished-at="2025-05-06T20:19:25 IST" duration-ms="17319" status="PASS">
          <reporter-output>
          </reporter-output>
        </test-method> <!-- testLoginToOrangeHRM -->
        <test-method is-config="true" signature="tearDown()[pri:0, instance:com.orangehrm.tests.OrangeHRMTest@4a8355dd]" started-at="2025-05-06T20:19:25 IST" name="tearDown" finished-at="2025-05-06T20:19:26 IST" duration-ms="520" status="PASS">
          <reporter-output>
          </reporter-output>
        </test-method> <!-- tearDown -->
        <test-method is-config="true" signature="setUp()[pri:0, instance:com.orangehrm.tests.OrangeHRMTest@4a8355dd]" started-at="2025-05-06T20:19:26 IST" name="setUp" finished-at="2025-05-06T20:19:27 IST" duration-ms="1013" status="PASS">
          <reporter-output>
          </reporter-output>
        </test-method> <!-- setUp -->
        <test-method signature="testNavigateToAdminPage()[pri:0, instance:com.orangehrm.tests.OrangeHRMTest@4a8355dd]" started-at="2025-05-06T20:19:27 IST" name="testNavigateToAdminPage" description="Verify user can navigate to Admin page" finished-at="2025-05-06T20:19:43 IST" duration-ms="16317" status="PASS">
          <reporter-output>
          </reporter-output>
        </test-method> <!-- testNavigateToAdminPage -->
        <test-method is-config="true" signature="tearDown()[pri:0, instance:com.orangehrm.tests.OrangeHRMTest@4a8355dd]" started-at="2025-05-06T20:19:43 IST" name="tearDown" finished-at="2025-05-06T20:19:44 IST" duration-ms="272" status="PASS">
          <reporter-output>
          </reporter-output>
        </test-method> <!-- tearDown -->
      </class> <!-- com.orangehrm.tests.OrangeHRMTest -->
    </test> <!-- OrangeHRM Tests -->
  </suite> <!-- Test Suite -->
</testng-results>
