<?xml version="1.0" encoding="UTF-8"?>
<!-- Generated by org.testng.reporters.JUnitXMLReporter -->
<testsuite ignored="0" hostname="DESKTOP-OF5POSM" failures="0" tests="2" name="OrangeHRM Tests" time="36.524" errors="0" timestamp="2025-05-06T20:19:44 IST">
  <testcase classname="com.orangehrm.tests.OrangeHRMTest" name="testLoginToOrangeHRM" time="17.319"/>
  <testcase classname="com.orangehrm.tests.OrangeHRMTest" name="testNavigateToAdminPage" time="16.317"/>
</testsuite> <!-- OrangeHRM Tests -->
