<?xml version="1.0" encoding="UTF-8"?>
<!-- Generated by org.testng.reporters.JUnitXMLReporter -->
<testsuite ignored="0" hostname="DESKTOP-OF5POSM" failures="0" tests="2" name="OrangeHRM Tests" time="19.464" errors="0" timestamp="2025-05-06T17:47:57 IST">
  <testcase classname="com.orangehrm.tests.OrangeHRMTest" name="testLoginToOrangeHRM" time="8.231"/>
  <testcase classname="com.orangehrm.tests.OrangeHRMTest" name="testNavigateToAdminPage" time="8.961"/>
</testsuite> <!-- OrangeHRM Tests -->
