<?xml version="1.0" encoding="UTF-8"?>
<!-- Generated by org.testng.reporters.JUnitXMLReporter -->
<testsuite ignored="0" hostname="DESKTOP-OF5POSM" failures="0" tests="3" name="SauceDemo Tests" time="11.145" errors="0" timestamp="2025-05-06T20:19:07 IST">
  <testcase classname="com.orangehrm.tests.LoginTest" name="testLoginAndVerifyHomepage" time="1.711"/>
  <testcase classname="com.orangehrm.tests.LoginTest" name="testLoginWithInvalidCredentials" time="1.533"/>
  <testcase classname="com.orangehrm.tests.OrderTest" name="testAddMultipleItemsToCart" time="2.636"/>
</testsuite> <!-- SauceDemo Tests -->
