<?xml version="1.0" encoding="UTF-8"?>
<!-- Generated by org.testng.reporters.JUnitXMLReporter -->
<testsuite ignored="0" hostname="DESKTOP-OF5POSM" failures="1" tests="4" name="SauceDemo Tests" time="23.628" errors="0" timestamp="2025-05-06T17:47:37 IST">
  <testcase classname="com.orangehrm.tests.LoginTest" name="testLoginAndVerifyHomepage" time="1.402"/>
  <testcase classname="com.orangehrm.tests.LoginTest" name="testLoginWithInvalidCredentials" time="1.249"/>
  <testcase classname="com.orangehrm.tests.OrderTest" name="testAddItemToCartAndPlaceOrder" time="11.603">
    <failure type="java.lang.AssertionError" message="Remove button is not displayed expected [true] but found [false]">
      <![CDATA[java.lang.AssertionError: Remove button is not displayed expected [true] but found [false]
at com.orangehrm.tests.OrderTest.testAddItemToCartAndPlaceOrder(OrderTest.java:36)
at java.base/java.util.ArrayList.forEach(ArrayList.java:1511)
... Removed 34 stack frames]]>
    </failure>
  </testcase> <!-- testAddItemToCartAndPlaceOrder -->
  <testcase classname="com.orangehrm.tests.OrderTest" name="testAddMultipleItemsToCart" time="2.173"/>
</testsuite> <!-- SauceDemo Tests -->
